<?xml version="1.0" encoding="UTF-8"?>
<testsuite name="Cucumber" time="33.906" tests="3" skipped="0" failures="2" errors="0">
<testcase classname="US1007 automationRun sayfasinda test yapar" name="01 autamation sayfasinda test" time="2.522">
<failure type="java.lang.NullPointerException" message="null value in entry: url=null">
<![CDATA[java.lang.NullPointerException: null value in entry: url=null
	at com.google.common.collect.CollectPreconditions.checkEntryNotNull(CollectPreconditions.java:33)
	at com.google.common.collect.SingletonImmutableBiMap.<init>(SingletonImmutableBiMap.java:43)
	at com.google.common.collect.ImmutableBiMap.of(ImmutableBiMap.java:81)
	at com.google.common.collect.ImmutableMap.of(ImmutableMap.java:128)
	at org.openqa.selenium.remote.DriverCommand.GET(DriverCommand.java:191)
	at org.openqa.selenium.remote.RemoteWebDriver.get(RemoteWebDriver.java:297)
	at stepdefinitions.AutomationStepdefinitions.kullanici_automationexercise_sayfasina_gider(AutomationStepdefinitions.java:17)
	at ✽.kullanici automationexercise sayfasina gider(file:///C:/Users/Murat/Desktop/gitHubTeam108/team108_Cucumber/src/test/resorurces/features/US1007_automationRun.feature:6)
]]>
</failure>
<system-out><![CDATA[
Given kullanici automationexercise sayfasina gider..........................failed
And sign up linkine tiklar..................................................skipped
And name kismina isim girer.................................................skipped
And mail kismina mail girer.................................................skipped
And sign up linkini onaylar.................................................skipped
And sayfayi kapatir.........................................................skipped
]]></system-out>
</testcase>
<testcase classname="US1008 gecerli kullanici adi ve sifre ile sisteme giris" name="TC12 Gecerli username ve password ile basarili giris yapilabilmeli" time="17.99">
<failure type="org.openqa.selenium.ElementClickInterceptedException" message="element click intercepted: Element &lt;button type=&quot;submit&quot; class=&quot;btn red radius-5 mt-4 w-100&quot;&gt;...&lt;/button&gt; is not clickable at point (1089, 540). Other element would receive the click: &lt;p&gt;...&lt;/p&gt;
  (Session info: chrome=111.0.5563.65)
Build info: version: '4.8.0', revision: '267030adea'
System info: os.name: 'Windows 11', os.arch: 'amd64', os.version: '10.0', java.version: '11.0.17'
Driver info: org.openqa.selenium.chrome.ChromeDriver
Command: [30c49b53fd15dcdd2c9b61d36163debd, clickElement {id=5625db8e-aefc-4ae0-b7a4-f49421d82e1e}]
Capabilities {acceptInsecureCerts: false, browserName: chrome, browserVersion: 111.0.5563.65, chrome: {chromedriverVersion: 111.0.5563.64 (c710e93d5b63..., userDataDir: C:\Users\Murat\AppData\Loca...}, goog:chromeOptions: {debuggerAddress: localhost:60086}, networkConnectionEnabled: false, pageLoadStrategy: normal, platformName: WINDOWS, proxy: Proxy(), se:cdp: ws://localhost:60086/devtoo..., se:cdpVersion: 111.0.5563.65, setWindowRect: true, strictFileInteractability: false, timeouts: {implicit: 0, pageLoad: 300000, script: 30000}, unhandledPromptBehavior: dismiss and notify, webauthn:extension:credBlob: true, webauthn:extension:largeBlob: true, webauthn:extension:minPinLength: true, webauthn:extension:prf: true, webauthn:virtualAuthenticators: true}
Element: [[ChromeDriver: chrome on WINDOWS (30c49b53fd15dcdd2c9b61d36163debd)] -&gt; xpath: //button[text()='Login']]
Session ID: 30c49b53fd15dcdd2c9b61d36163debd">
<![CDATA[org.openqa.selenium.ElementClickInterceptedException: element click intercepted: Element <button type="submit" class="btn red radius-5 mt-4 w-100">...</button> is not clickable at point (1089, 540). Other element would receive the click: <p>...</p>
  (Session info: chrome=111.0.5563.65)
Build info: version: '4.8.0', revision: '267030adea'
System info: os.name: 'Windows 11', os.arch: 'amd64', os.version: '10.0', java.version: '11.0.17'
Driver info: org.openqa.selenium.chrome.ChromeDriver
Command: [30c49b53fd15dcdd2c9b61d36163debd, clickElement {id=5625db8e-aefc-4ae0-b7a4-f49421d82e1e}]
Capabilities {acceptInsecureCerts: false, browserName: chrome, browserVersion: 111.0.5563.65, chrome: {chromedriverVersion: 111.0.5563.64 (c710e93d5b63..., userDataDir: C:\Users\Murat\AppData\Loca...}, goog:chromeOptions: {debuggerAddress: localhost:60086}, networkConnectionEnabled: false, pageLoadStrategy: normal, platformName: WINDOWS, proxy: Proxy(), se:cdp: ws://localhost:60086/devtoo..., se:cdpVersion: 111.0.5563.65, setWindowRect: true, strictFileInteractability: false, timeouts: {implicit: 0, pageLoad: 300000, script: 30000}, unhandledPromptBehavior: dismiss and notify, webauthn:extension:credBlob: true, webauthn:extension:largeBlob: true, webauthn:extension:minPinLength: true, webauthn:extension:prf: true, webauthn:virtualAuthenticators: true}
Element: [[ChromeDriver: chrome on WINDOWS (30c49b53fd15dcdd2c9b61d36163debd)] -> xpath: //button[text()='Login']]
Session ID: 30c49b53fd15dcdd2c9b61d36163debd
	at java.base/jdk.internal.reflect.NativeConstructorAccessorImpl.newInstance0(Native Method)
	at java.base/jdk.internal.reflect.NativeConstructorAccessorImpl.newInstance(NativeConstructorAccessorImpl.java:62)
	at java.base/jdk.internal.reflect.DelegatingConstructorAccessorImpl.newInstance(DelegatingConstructorAccessorImpl.java:45)
	at java.base/java.lang.reflect.Constructor.newInstance(Constructor.java:490)
	at org.openqa.selenium.remote.codec.w3c.W3CHttpResponseCodec.createException(W3CHttpResponseCodec.java:200)
	at org.openqa.selenium.remote.codec.w3c.W3CHttpResponseCodec.decode(W3CHttpResponseCodec.java:133)
	at org.openqa.selenium.remote.codec.w3c.W3CHttpResponseCodec.decode(W3CHttpResponseCodec.java:53)
	at org.openqa.selenium.remote.HttpCommandExecutor.execute(HttpCommandExecutor.java:184)
	at org.openqa.selenium.remote.service.DriverCommandExecutor.invokeExecute(DriverCommandExecutor.java:167)
	at org.openqa.selenium.remote.service.DriverCommandExecutor.execute(DriverCommandExecutor.java:142)
	at org.openqa.selenium.remote.RemoteWebDriver.execute(RemoteWebDriver.java:543)
	at org.openqa.selenium.remote.RemoteWebElement.execute(RemoteWebElement.java:257)
	at org.openqa.selenium.remote.RemoteWebElement.click(RemoteWebElement.java:78)
	at java.base/jdk.internal.reflect.NativeMethodAccessorImpl.invoke0(Native Method)
	at java.base/jdk.internal.reflect.NativeMethodAccessorImpl.invoke(NativeMethodAccessorImpl.java:62)
	at java.base/jdk.internal.reflect.DelegatingMethodAccessorImpl.invoke(DelegatingMethodAccessorImpl.java:43)
	at java.base/java.lang.reflect.Method.invoke(Method.java:566)
	at org.openqa.selenium.support.pagefactory.internal.LocatingElementHandler.invoke(LocatingElementHandler.java:52)
	at com.sun.proxy.$Proxy23.click(Unknown Source)
	at stepdefinitions.QdStepdefinitions.login_butonuna_basar(QdStepdefinitions.java:27)
	at ✽.login butonuna basar(file:///C:/Users/Murat/Desktop/gitHubTeam108/team108_Cucumber/src/test/resorurces/features/US1008_PozitifLoginTesti.feature:12)
]]>
</failure>
<system-out><![CDATA[
Given kullanici "qdUrl" anasayfaya gider....................................passed
Then ilk login linkine tiklar...............................................passed
And username olarak "qdGecerliUsername" girer...............................passed
And password olarak "qdGecerliPassword" girer...............................passed
And 10 saniye bekler........................................................passed
And login butonuna basar....................................................failed
Then basarili olarak giris yapildigini test eder............................skipped
And sayfayi kapatir.........................................................skipped
]]></system-out>
</testcase>
<testcase classname="US1010 WebUniversity Testi" name="TC14 Webuniversity sayfasinda istenen gorevleri yapar" time="13.139">
<system-out><![CDATA[
Given kullanici "webUrl" anasayfaya gider...................................passed
Then Login Portal gorununceye kadar asagi iner..............................passed
And 2 saniye bekler.........................................................passed
And Login Portal butonuna tiklar............................................passed
And acilan ikinci window'a gecer............................................passed
And Username kutusuna deger yazdirir........................................passed
And Password kutusuna deger yazdirir........................................passed
And 4 saniye bekler.........................................................passed
Then webUniversity login butonuna basar.....................................passed
And Popup'ta cikan yazinin validation failed oldugunu test eder.............passed
And Ok diyerek Popup'i kapatir..............................................passed
Then Ilk sayfaya geri doner.................................................passed
And Ilk sayfaya donuldugunu test eder.......................................passed
And tum sayfalari kapatir...................................................passed
]]></system-out>
</testcase>
</testsuite>
